This is pdfTeX, Version 3.1415926-2.3-1.40.12 (TeX Live 2011) (format=pdflatex 2012.1.28)  23 FEB 2012 23:29
entering extended mode
 \write18 enabled.
 file:line:error style messages enabled.
 %&-line parsing enabled.
**thesis_example.tex
(./thesis_example.tex
LaTeX2e <2009/09/24>
Babel <v3.8l> and hyphenation patterns for english, dumylang, nohyphenation, ge
rman-x-2009-06-19, ngerman-x-2009-06-19, afrikaans, ancientgreek, ibycus, arabi
c, armenian, basque, bulgarian, catalan, pinyin, coptic, croatian, czech, danis
h, dutch, ukenglish, usenglishmax, esperanto, estonian, ethiopic, farsi, finnis
h, french, galician, german, ngerman, swissgerman, monogreek, greek, hungarian,
 icelandic, assamese, bengali, gujarati, hindi, kannada, malayalam, marathi, or
iya, panjabi, tamil, telugu, indonesian, interlingua, irish, italian, kurmanji,
 lao, latin, latvian, lithuanian, mongolian, mongolianlmc, bokmal, nynorsk, pol
ish, portuguese, romanian, russian, sanskrit, serbian, serbianc, slovak, sloven
ian, spanish, swedish, turkish, turkmen, ukrainian, uppersorbian, welsh, loaded
.
(/usr/local/texlive/2011/texmf-dist/tex/latex/base/report.cls
Document Class: report 2007/10/19 v1.4h Standard LaTeX document class
(/usr/local/texlive/2011/texmf-dist/tex/latex/base/size11.clo
File: size11.clo 2007/10/19 v1.4h Standard LaTeX file (size option)
)
\c@part=\count79
\c@chapter=\count80
\c@section=\count81
\c@subsection=\count82
\c@subsubsection=\count83
\c@paragraph=\count84
\c@subparagraph=\count85
\c@figure=\count86
\c@table=\count87
\abovecaptionskip=\skip41
\belowcaptionskip=\skip42
\bibindent=\dimen102
) (./comp.sty
Package: comp 

(/usr/local/texlive/2011/texmf-dist/tex/latex/graphics/graphicx.sty
Package: graphicx 1999/02/16 v1.0f Enhanced LaTeX Graphics (DPC,SPQR)

(/usr/local/texlive/2011/texmf-dist/tex/latex/graphics/keyval.sty
Package: keyval 1999/03/16 v1.13 key=value parser (DPC)
\KV@toks@=\toks14
)
(/usr/local/texlive/2011/texmf-dist/tex/latex/graphics/graphics.sty
Package: graphics 2009/02/05 v1.0o Standard LaTeX Graphics (DPC,SPQR)

(/usr/local/texlive/2011/texmf-dist/tex/latex/graphics/trig.sty
Package: trig 1999/03/16 v1.09 sin cos tan (DPC)
)
(/usr/local/texlive/2011/texmf-dist/tex/latex/latexconfig/graphics.cfg
File: graphics.cfg 2010/04/23 v1.9 graphics configuration of TeX Live
)
Package graphics Info: Driver file: dvipdf.def on input line 91.

(/usr/local/texlive/2011/texmf-dist/tex/latex/graphics/dvipdf.def
File: dvipdf.def 1999/02/16 v3.0i Driver-dependant file (DPC,SPQR)
))
\Gin@req@height=\dimen103
\Gin@req@width=\dimen104
)
(./fncychap.sty
Package: fncychap 2004/09/21 v1.33 LaTeX package (Revised chapters)
\RW=\skip43
\mylen=\skip44
\myhi=\skip45
\px=\skip46
\py=\skip47
\pyy=\skip48
\pxx=\skip49
)
(/usr/local/texlive/2011/texmf-dist/tex/latex/titlesec/titlesec.sty
Package: titlesec 2007/08/12 v2.8 Sectioning titles
\ttl@box=\box26
\beforetitleunit=\skip50
\aftertitleunit=\skip51
\ttl@plus=\dimen105
\ttl@minus=\dimen106
\ttl@toksa=\toks15
\titlewidth=\dimen107
\titlewidthlast=\dimen108
\titlewidthfirst=\dimen109
)
(/usr/local/texlive/2011/texmf-dist/tex/latex/fancyhdr/fancyhdr.sty
\fancy@headwidth=\skip52
\f@ncyO@elh=\skip53
\f@ncyO@erh=\skip54
\f@ncyO@olh=\skip55
\f@ncyO@orh=\skip56
\f@ncyO@elf=\skip57
\f@ncyO@erf=\skip58
\f@ncyO@olf=\skip59
\f@ncyO@orf=\skip60
)
(/usr/local/texlive/2011/texmf-dist/tex/latex/paralist/paralist.sty
Package: paralist 2002/03/18 v2.3b Extended list environments (BS)
\pltopsep=\skip61
\plpartopsep=\skip62
\plitemsep=\skip63
\plparsep=\skip64
\pl@lab=\toks16
)
(/usr/local/texlive/2011/texmf-dist/tex/latex/listings/listings.sty
\lst@mode=\count88
\lst@gtempboxa=\box27
\lst@token=\toks17
\lst@length=\count89
\lst@currlwidth=\dimen110
\lst@column=\count90
\lst@pos=\count91
\lst@lostspace=\dimen111
\lst@width=\dimen112
\lst@newlines=\count92
\lst@lineno=\count93
\lst@maxwidth=\dimen113

(/usr/local/texlive/2011/texmf-dist/tex/latex/listings/lstmisc.sty
File: lstmisc.sty 2007/02/22 1.4 (Carsten Heinz)
\c@lstnumber=\count94
\lst@skipnumbers=\count95
\lst@framebox=\box28
)
(/usr/local/texlive/2011/texmf-dist/tex/latex/listings/listings.cfg
File: listings.cfg 2007/02/22 1.4 listings configuration
))
Package: listings 2007/02/22 1.4 (Carsten Heinz)

(/usr/local/texlive/2011/texmf-dist/tex/latex/graphics/color.sty
Package: color 2005/11/14 v1.0j Standard LaTeX Color (DPC)

(/usr/local/texlive/2011/texmf-dist/tex/latex/latexconfig/color.cfg
File: color.cfg 2007/01/18 v1.5 color configuration of teTeX/TeXLive
)
Package color Info: Driver file: pdftex.def on input line 130.

(/usr/local/texlive/2011/texmf-dist/tex/latex/pdftex-def/pdftex.def
File: pdftex.def 2011/05/27 v0.06d Graphics/color for pdfTeX

(/usr/local/texlive/2011/texmf-dist/tex/generic/oberdiek/infwarerr.sty
Package: infwarerr 2010/04/08 v1.3 Providing info/warning/message (HO)
)
(/usr/local/texlive/2011/texmf-dist/tex/generic/oberdiek/ltxcmds.sty
Package: ltxcmds 2011/04/18 v1.20 LaTeX kernel commands for general use (HO)
)
\Gread@gobject=\count96
))
(/usr/local/texlive/2011/texmf-dist/tex/latex/appendix/appendix.sty
Package: appendix 2009/09/02 v1.2b extra appendix facilities
\c@@pps=\count97
\c@@ppsavesec=\count98
\c@@ppsaveapp=\count99
)
(/usr/local/texlive/2011/texmf-dist/tex/latex/natbib/natbib.sty
Package: natbib 2010/09/13 8.31b (PWD, AO)
\bibhang=\skip65
\bibsep=\skip66
LaTeX Info: Redefining \cite on input line 694.
\c@NAT@ctr=\count100
)
(/usr/local/texlive/2011/texmf-dist/tex/latex/url/url.sty
\Urlmuskip=\muskip10
Package: url 2006/04/12  ver 3.3  Verb mode for urls, etc.
)
(/usr/local/texlive/2011/texmf-dist/tex/generic/babel/babel.sty
Package: babel 2008/07/06 v3.8l The Babel package

(/usr/local/texlive/2011/texmf-dist/tex/generic/babel/english.ldf
Language: english 2005/03/30 v3.3o English support from the babel system

(/usr/local/texlive/2011/texmf-dist/tex/generic/babel/babel.def
File: babel.def 2008/07/06 v3.8l Babel common definitions
\babel@savecnt=\count101
\U@D=\dimen114
)
\l@canadian = a dialect from \language\l@american 
\l@australian = a dialect from \language\l@british 
\l@newzealand = a dialect from \language\l@british 
)
(/usr/local/texlive/2011/texmf-dist/tex/generic/babel/english.ldf
Language: english 2005/03/30 v3.3o English support from the babel system
))
(/usr/local/texlive/2011/texmf-dist/tex/latex/base/ifthen.sty
Package: ifthen 2001/05/26 v1.1c Standard LaTeX ifthen package (DPC)
)
(/usr/local/texlive/2011/texmf-dist/tex/latex/picinpar/picinpar.sty
Pictures in Paragraphs. Version 1.2a, July 13, 1993
\br=\count102
\bl=\count103
\na=\count104
\nb=\count105
\tcdsav=\count106
\tcl=\count107
\tcd=\count108
\tcn=\count109
\cumtcl=\count110
\cumpartcl=\count111
\lftside=\dimen115
\rtside=\dimen116
\hpic=\dimen117
\vpic=\dimen118
\strutilg=\dimen119
\picwd=\dimen120
\topheight=\dimen121
\ilg=\dimen122
\lpic=\dimen123
\lwindowsep=\dimen124
\rwindowsep=\dimen125
\cumpar=\dimen126
\twa=\toks18
\la=\toks19
\ra=\toks20
\ha=\toks21
\pictoc=\toks22
\rawtext=\box29
\holder=\box30
\windowbox=\box31
\wartext=\box32
\finaltext=\box33
\aslice=\box34
\bslice=\box35
\wbox=\box36
\wstrutbox=\box37
\picbox=\box38
\waslice=\box39
\wbslice=\box40
\fslice=\box41
) (./comp-listing.sty
Package: comp-listing 

(/usr/local/texlive/2011/texmf-dist/tex/latex/lineno/lineno.sty
Package: lineno 2005/11/02 line numbers on paragraphs v4.41
\linenopenalty=\count112
\output=\toks23
\linenoprevgraf=\count113
\linenumbersep=\dimen127
\linenumberwidth=\dimen128
\c@linenumber=\count114
\c@pagewiselinenumber=\count115
\c@LN@truepage=\count116
\c@internallinenumber=\count117
\c@internallinenumbers=\count118
\quotelinenumbersep=\dimen129
\bframerule=\dimen130
\bframesep=\dimen131
\bframebox=\box42
LaTeX Info: Redefining \\ on input line 3056.
))
(./comp-commands.sty
Package: comp-commands 

(/usr/local/texlive/2011/texmf-dist/tex/latex/shadow/shadow.sty
Package: shadow 2003/02/19 v1.3 shadow boxes (M.O.)
\txtwdth=\dimen132
\sht=\dimen133
\shw=\dimen134
\shbox=\box43
\sboxsep=\dimen135
\sboxrule=\dimen136
\sdim=\dimen137
)
(/usr/local/texlive/2011/texmf-dist/tex/latex/colortbl/colortbl.sty
Package: colortbl 2001/02/13 v0.1j Color table columns (DPC)

(/usr/local/texlive/2011/texmf-dist/tex/latex/tools/array.sty
Package: array 2008/09/09 v2.4c Tabular extension package (FMi)
\col@sep=\dimen138
\extrarowheight=\dimen139
\NC@list=\toks24
\extratabsurround=\skip67
\backup@length=\skip68
)
\everycr=\toks25
\minrowclearance=\skip69
)
(/usr/local/texlive/2011/texmf-dist/tex/latex/amsfonts/amssymb.sty
Package: amssymb 2009/06/22 v3.00

(/usr/local/texlive/2011/texmf-dist/tex/latex/amsfonts/amsfonts.sty
Package: amsfonts 2009/06/22 v3.00 Basic AMSFonts support
\@emptytoks=\toks26
\symAMSa=\mathgroup4
\symAMSb=\mathgroup5
LaTeX Font Info:    Overwriting math alphabet `\mathfrak' in version `bold'
(Font)                  U/euf/m/n --> U/euf/b/n on input line 96.
)))
(/usr/local/texlive/2011/texmf-dist/tex/latex/pdfpages/pdfpages.sty
Package: pdfpages 2011/03/10 v0.4n Insert pages of external PDF documents (AM)

(/usr/local/texlive/2011/texmf-dist/tex/latex/tools/calc.sty
Package: calc 2007/08/22 v4.3 Infix arithmetic (KKT,FJ)
\calc@Acount=\count119
\calc@Bcount=\count120
\calc@Adimen=\dimen140
\calc@Bdimen=\dimen141
\calc@Askip=\skip70
\calc@Bskip=\skip71
LaTeX Info: Redefining \setlength on input line 76.
LaTeX Info: Redefining \addtolength on input line 77.
\calc@Ccount=\count121
\calc@Cskip=\skip72
)
(/usr/local/texlive/2011/texmf-dist/tex/latex/eso-pic/eso-pic.sty
Package: eso-pic 2010/10/06 v2.0c eso-pic (RN)

(/usr/local/texlive/2011/texmf-dist/tex/generic/oberdiek/atbegshi.sty
Package: atbegshi 2011/01/30 v1.15 At begin shipout hook (HO)

(/usr/local/texlive/2011/texmf-dist/tex/generic/oberdiek/ifpdf.sty
Package: ifpdf 2011/01/30 v2.3 Provides the ifpdf switch (HO)
Package ifpdf Info: pdfTeX in PDF mode is detected.
)))
(/usr/local/texlive/2011/texmf-dist/tex/latex/pdfpages/pppdftex.def
File: pppdftex.def 2011/03/10 v0.4n Pdfpages driver for pdfTeX (AM)
)
\AM@pagebox=\box44
\AM@toc@title=\toks27
\c@AM@survey=\count122
\AM@templatesizebox=\box45
))
(/usr/local/texlive/2011/texmf-dist/tex/latex/float/float.sty
Package: float 2001/11/08 v1.3d Float enhancements (AL)
\c@float@type=\count123
\float@exts=\toks28
\float@box=\box46
\@float@everytoks=\toks29
\@floatcapt=\box47
)
(/usr/local/texlive/2011/texmf-dist/tex/latex/subfigure/subfigure.sty
Package: subfigure 2002/03/15 v2.1.5 subfigure package
\subfigtopskip=\skip73
\subfigcapskip=\skip74
\subfigcaptopadj=\dimen142
\subfigbottomskip=\skip75
\subfigcapmargin=\dimen143
\subfiglabelskip=\skip76
\c@subfigure=\count124
\c@lofdepth=\count125
\c@subtable=\count126
\c@lotdepth=\count127

****************************************
* Local config file subfigure.cfg used *
****************************************
(/usr/local/texlive/2011/texmf-dist/tex/latex/subfigure/subfigure.cfg)
\subfig@top=\skip77
\subfig@bottom=\skip78
)
\c@mydef=\count128

(./thesis_example.aux

LaTeX Warning: Label `fig:metadepth_schemes' multiply defined.

)
\openout1 = `thesis_example.aux'.

LaTeX Font Info:    Checking defaults for OML/cmm/m/it on input line 26.
LaTeX Font Info:    ... okay on input line 26.
LaTeX Font Info:    Checking defaults for T1/cmr/m/n on input line 26.
LaTeX Font Info:    ... okay on input line 26.
LaTeX Font Info:    Checking defaults for OT1/cmr/m/n on input line 26.
LaTeX Font Info:    ... okay on input line 26.
LaTeX Font Info:    Checking defaults for OMS/cmsy/m/n on input line 26.
LaTeX Font Info:    ... okay on input line 26.
LaTeX Font Info:    Checking defaults for OMX/cmex/m/n on input line 26.
LaTeX Font Info:    ... okay on input line 26.
LaTeX Font Info:    Checking defaults for U/cmr/m/n on input line 26.
LaTeX Font Info:    ... okay on input line 26.
 (/usr/local/texlive/2011/texmf-dist/tex/generic/oberdiek/pdftexcmds.sty
Package: pdftexcmds 2011/04/22 v0.16 Utilities of pdfTeX for LuaTeX (HO)

(/usr/local/texlive/2011/texmf-dist/tex/generic/oberdiek/ifluatex.sty
Package: ifluatex 2010/03/01 v1.3 Provides the ifluatex switch (HO)
Package ifluatex Info: LuaTeX not detected.
)
Package pdftexcmds Info: LuaTeX not detected.
Package pdftexcmds Info: \pdf@primitive is available.
Package pdftexcmds Info: \pdf@ifprimitive is available.
Package pdftexcmds Info: \pdfdraftmode found.
)
(./epstopdf-base.sty
Package: epstopdf-base 2010/02/09 v2.5 Base part for package epstopdf

(/usr/local/texlive/2011/texmf-dist/tex/latex/oberdiek/grfext.sty
Package: grfext 2010/08/19 v1.1 Managing graphics extensions (HO)

(/usr/local/texlive/2011/texmf-dist/tex/generic/oberdiek/kvdefinekeys.sty
Package: kvdefinekeys 2011/04/07 v1.3 Defining keys (HO)
))
(/usr/local/texlive/2011/texmf-dist/tex/latex/oberdiek/kvoptions.sty
Package: kvoptions 2010/12/23 v3.10 Keyval support for LaTeX options (HO)

(/usr/local/texlive/2011/texmf-dist/tex/generic/oberdiek/kvsetkeys.sty
Package: kvsetkeys 2011/04/07 v1.13 Key value parser (HO)

(/usr/local/texlive/2011/texmf-dist/tex/generic/oberdiek/etexcmds.sty
Package: etexcmds 2011/02/16 v1.5 Prefix for e-TeX command names (HO)
Package etexcmds Info: Could not find \expanded.
(etexcmds)             That can mean that you are not using pdfTeX 1.50 or
(etexcmds)             that some package has redefined \expanded.
(etexcmds)             In the latter case, load this package earlier.
)))
Package epstopdf-base Info: Redefining graphics rule for `.eps' on input line 4
18.
Package grfext Info: Graphics extension search list:
(grfext)             [.png,.pdf,.jpg,.mps,.jpeg,.jbig2,.jb2,.PNG,.PDF,.JPG,.JPE
G,.JBIG2,.JB2,.eps]
(grfext)             \AppendGraphicsExtensions on input line 436.

(/usr/local/texlive/2011/texmf-dist/tex/latex/latexconfig/epstopdf-sys.cfg
File: epstopdf-sys.cfg 2010/07/13 v1.3 Configuration of (r)epstopdf for TeX Liv
e
))
\c@lstlisting=\count129

(/usr/local/texlive/2011/texmf-dist/tex/context/base/supp-pdf.mkii
[Loading MPS to PDF converter (version 2006.09.02).]
\scratchcounter=\count130
\scratchdimen=\dimen144
\scratchbox=\box48
\nofMPsegments=\count131
\nofMParguments=\count132
\everyMPshowfont=\toks30
\MPscratchCnt=\count133
\MPscratchDim=\dimen145
\MPnumerator=\count134
\makeMPintoPDFobject=\count135
\everyMPtoPDFconversion=\toks31
)
\AtBeginShipoutBox=\box49
 (/usr/local/texlive/2011/texmf-dist/tex/latex/titlesec/block.tss
File: block.tss 2007/08/12
)
(/usr/local/texlive/2011/texmf-dist/tex/latex/listings/lstlang1.sty
File: lstlang1.sty 2004/09/05 1.3 listings language file
)
(/usr/local/texlive/2011/texmf-dist/tex/latex/listings/lstlang1.sty
File: lstlang1.sty 2004/09/05 1.3 listings language file
)
(/usr/local/texlive/2011/texmf-dist/tex/latex/listings/lstmisc.sty
File: lstmisc.sty 2007/02/22 1.4 (Carsten Heinz)
)
<comp-logo-u+text.png, id=1, 586.19pt x 188.705pt>
File: comp-logo-u+text.png Graphic file (type png)
 <use comp-logo-u+text.png>
Package pdftex.def Info: comp-logo-u+text.png used on input line 27.
(pdftex.def)             Requested size: 117.23592pt x 37.74033pt.

Underfull \hbox (badness 4660) in paragraph at lines 27--27
[]\OT1/cmr/bx/n/20.74 Domain-Specific Mod-el-ing and
 []

LaTeX Font Info:    Try loading font information for U+msa on input line 27.
(/usr/local/texlive/2011/texmf-dist/tex/latex/amsfonts/umsa.fd
File: umsa.fd 2009/06/22 v3.00 AMS symbols A
)
LaTeX Font Info:    Try loading font information for U+msb on input line 27.

(/usr/local/texlive/2011/texmf-dist/tex/latex/amsfonts/umsb.fd
File: umsb.fd 2009/06/22 v3.00 AMS symbols B
)
Underfull \hbox (badness 10000) in paragraph at lines 27--27

 []

<comp-logo-comp.png, id=2, 81.906pt x 83.8332pt>
File: comp-logo-comp.png Graphic file (type png)
 <use comp-logo-comp.png>
Package pdftex.def Info: comp-logo-comp.png used on input line 27.
(pdftex.def)             Requested size: 40.9529pt x 41.91649pt.

[1

{/usr/local/texlive/2011/texmf-var/fonts/map/pdftex/updmap/pdftex.map} <./comp-
logo-u+text.png> <./comp-logo-comp.png>] (./thesis_example.toc [1

])
\tf@toc=\write3
\openout3 = `thesis_example.toc'.

 [2]
(./thesis_example.lof
Missing character: There is no Õ in font cmr10!
)
\tf@lof=\write4
\openout4 = `thesis_example.lof'.

 [3

] (./thesis_example.lot)
\tf@lot=\write5
\openout5 = `thesis_example.lot'.

 (./00-Preface.tex [4

])
(./01-Introduction.tex [1

]
Chapter 1.

Underfull \hbox (badness 10000) in paragraph at lines 7--10

 []

[2

]
Underfull \hbox (badness 10000) in paragraph at lines 27--30

 []

<images/lifecycle.jpg, id=39, 73.2336pt x 122.1363pt>
File: images/lifecycle.jpg Graphic file (type jpg)

<use images/lifecycle.jpg>
Package pdftex.def Info: images/lifecycle.jpg used on input line 33.
(pdftex.def)             Requested size: 239.00557pt x 398.68451pt.

Underfull \hbox (badness 10000) in paragraph at lines 40--43

 []

[3] [4 <./images/lifecycle.jpg>]
Underfull \hbox (badness 10000) in paragraph at lines 48--51

 []

LaTeX Font Info:    Try loading font information for OMS+cmr on input line 53.
(/usr/local/texlive/2011/texmf-dist/tex/latex/base/omscmr.fd
File: omscmr.fd 1999/05/25 v2.5h Standard LaTeX font definitions
)
LaTeX Font Info:    Font shape `OMS/cmr/m/n' in size <10.95> not available
(Font)              Font shape `OMS/cmsy/m/n' tried instead on input line 53.
 [5])
(./02-Modeling.tex [6]
Chapter 2.

Underfull \hbox (badness 10000) in paragraph at lines 3--14

 []


Underfull \hbox (badness 10000) in paragraph at lines 3--14

 []


Underfull \hbox (badness 10000) in paragraph at lines 3--14

 []


Underfull \hbox (badness 10000) in paragraph at lines 3--14

 []


Underfull \hbox (badness 10000) in paragraph at lines 3--14

 []

[7

]
Underfull \hbox (badness 10000) in paragraph at lines 21--24

 []


Underfull \hbox (badness 10000) in paragraph at lines 27--30

 []

[8] <images/mm_architecture.png, id=60, 147.9126pt x 166.221pt>
File: images/mm_architecture.png Graphic file (type png)

<use images/mm_architecture.png>
Package pdftex.def Info: images/mm_architecture.png used on input line 41.
(pdftex.def)             Requested size: 159.333pt x 179.06197pt.

<images/chap2_two_level_inst.png, id=61, 151.2852pt x 173.9298pt>
File: images/chap2_two_level_inst.png Graphic file (type png)

<use images/chap2_two_level_inst.png>
Package pdftex.def Info: images/chap2_two_level_inst.png used on input line 50.

(pdftex.def)             Requested size: 159.333pt x 183.18634pt.
 [9]
<images/chap2_strict_mm.png, id=68, 275.5896pt x 132.495pt>
File: images/chap2_strict_mm.png Graphic file (type png)

<use images/chap2_strict_mm.png>
Package pdftex.def Info: images/chap2_strict_mm.png used on input line 63.
(pdftex.def)             Requested size: 159.333pt x 76.60454pt.
 [10 <./images/mm_architecture.png>]
<images/chap2_multiple_class_uml.png, id=73, 166.221pt x 171.5208pt>
File: images/chap2_multiple_class_uml.png Graphic file (type png)

<use images/chap2_multiple_class_uml.png>
Package pdftex.def Info: images/chap2_multiple_class_uml.png used on input line
 87.
(pdftex.def)             Requested size: 159.333pt x 164.41469pt.
 [11 <./images/chap2_two_level_inst.png> <./images/chap2_strict_mm.png>]
<images/chap2_cd_itemdesc.png, id=79, 327.1422pt x 153.6942pt>
File: images/chap2_cd_itemdesc.png Graphic file (type png)

<use images/chap2_cd_itemdesc.png>
Package pdftex.def Info: images/chap2_cd_itemdesc.png used on input line 104.
(pdftex.def)             Requested size: 358.50227pt x 168.43561pt.
 [12 <./images/chap2_multiple_class_uml.png> <./images/chap2_cd_itemdesc.png>]
<images/chap2_domain_instance.png, id=85, 292.9344pt x 197.538pt>
File: images/chap2_domain_instance.png Graphic file (type png)

<use images/chap2_domain_instance.png>
Package pdftex.def Info: images/chap2_domain_instance.png used on input line 11
3.
(pdftex.def)             Requested size: 358.50227pt x 241.77365pt.
Missing character: There is no Ó in font cmr10!
Missing character: There is no Ó in font cmr10!

Overfull \hbox (11.3732pt too wide) in paragraph at lines 127--128
[]\OT1/cmr/m/n/10.95 the "isOfT-ype" links be-tween in-stances of \OT1/cmtt/m/n
/10.95 Product \OT1/cmr/m/n/10.95 and in-stances of \OT1/cmtt/m/n/10.95 Product
Type
 []

[13 <./images/chap2_domain_instance.png>]
Missing character: There is no Õ in font cmr10!

<images/chap2_class_object_diagram.png, id=91, 390.7398pt x 202.8378pt>
File: images/chap2_class_object_diagram.png Graphic file (type png)

<use images/chap2_class_object_diagram.png>
Package pdftex.def Info: images/chap2_class_object_diagram.png used on input li
ne 141.
(pdftex.def)             Requested size: 358.50227pt x 186.11163pt.
 [14 <./images/chap2_class_object_diagram.png>] <images/chap2_types_classes.png
, id=97, 390.258pt x 208.1376pt>
File: images/chap2_types_classes.png Graphic file (type png)

<use images/chap2_types_classes.png>
Package pdftex.def Info: images/chap2_types_classes.png used on input line 154.

(pdftex.def)             Requested size: 358.50227pt x 191.20308pt.
) (./03-MultilevelModeling.tex [15 <./images/chap2_types_classes.png>]
Chapter 3.
Missing character: There is no Ó in font cmr10!
Missing character: There is no Ó in font cmr10!
[16

] <images/chap3_mapping_inconsistent.png, id=105, 287.6346pt x 117.5592pt>
File: images/chap3_mapping_inconsistent.png Graphic file (type png)

<use images/chap3_mapping_inconsistent.png>
Package pdftex.def Info: images/chap3_mapping_inconsistent.png used on input li
ne 11.
(pdftex.def)             Requested size: 358.50227pt x 146.52707pt.
Missing character: There is no Ó in font cmr10!
Missing character: There is no Ó in font cmr10!

<images/chap3_model_clabject.png, id=106, 426.393pt x 314.1336pt>
File: images/chap3_model_clabject.png Graphic file (type png)

<use images/chap3_model_clabject.png>
Package pdftex.def Info: images/chap3_model_clabject.png used on input line 24.

(pdftex.def)             Requested size: 358.50227pt x 264.12447pt.


LaTeX Warning: `h' float specifier changed to `ht'.

<images/chap3_mapping_direct.png, id=107, 278.4804pt x 117.0774pt>
File: images/chap3_mapping_direct.png Graphic file (type png)

<use images/chap3_mapping_direct.png>
Package pdftex.def Info: images/chap3_mapping_direct.png used on input line 33.

(pdftex.def)             Requested size: 358.50227pt x 150.72498pt.


LaTeX Warning: `h' float specifier changed to `ht'.

Missing character: There is no Õ in font cmr10!
[17 <./images/chap3_mapping_inconsistent.png>]
<images/chap3_deep_powertypes.png, id=112, 370.5042pt x 280.4076pt>
File: images/chap3_deep_powertypes.png Graphic file (type png)

<use images/chap3_deep_powertypes.png>
Package pdftex.def Info: images/chap3_deep_powertypes.png used on input line 44
.
(pdftex.def)             Requested size: 358.50227pt x 271.32329pt.


LaTeX Warning: `h' float specifier changed to `ht'.

[18 <./images/chap3_model_clabject.png>]
<images/chap3_deep_potency.png, id=117, 400.3758pt x 277.9986pt>
File: images/chap3_deep_potency.png Graphic file (type png)

<use images/chap3_deep_potency.png>
Package pdftex.def Info: images/chap3_deep_potency.png used on input line 59.
(pdftex.def)             Requested size: 358.50227pt x 248.94081pt.


LaTeX Warning: `h' float specifier changed to `ht'.

Missing character: There is no Ó in font cmr10!
Missing character: There is no Ó in font cmr10!
Missing character: There is no Õ in font cmr10!

Underfull \hbox (badness 10000) in paragraph at lines 64--67

 []

<images/chap3_metadepth_schemes.png, id=118, 390.258pt x 163.812pt>
File: images/chap3_metadepth_schemes.png Graphic file (type png)

<use images/chap3_metadepth_schemes.png>
Package pdftex.def Info: images/chap3_metadepth_schemes.png used on input line 
74.
(pdftex.def)             Requested size: 358.50227pt x 150.48389pt.


LaTeX Warning: `h' float specifier changed to `ht'.

[19 <./images/chap3_mapping_direct.png>]
Missing character: There is no Õ in font cmr10!

<images/chap3_metadepth_mm.png, id=123, 384.9582pt x 197.0562pt>
File: images/chap3_metadepth_mm.png Graphic file (type png)

<use images/chap3_metadepth_mm.png>
Package pdftex.def Info: images/chap3_metadepth_mm.png used on input line 87.
(pdftex.def)             Requested size: 358.50227pt x 183.52196pt.
Missing character: There is no Õ in font cmr10!


LaTeX Warning: `h' float specifier changed to `ht'.

<images/chap3_dual_class.png, id=124, 193.6836pt x 162.8484pt>
File: images/chap3_dual_class.png Graphic file (type png)

<use images/chap3_dual_class.png>
Package pdftex.def Info: images/chap3_dual_class.png used on input line 96.
(pdftex.def)             Requested size: 159.333pt x 133.97389pt.


LaTeX Warning: `h' float specifier changed to `ht'.

LaTeX Font Info:    Try loading font information for OMS+cmtt on input line 103
.
LaTeX Font Info:    No file OMScmtt.fd. on input line 103.

LaTeX Font Warning: Font shape `OMS/cmtt/m/n' undefined
(Font)              using `OMS/cmsy/m/n' instead
(Font)              for symbol `textbraceleft' on input line 103.

[20 <./images/chap3_deep_powertypes.png>]
<images/chap3_model_ex.png, id=130, 329.0694pt x 72.27pt>
File: images/chap3_model_ex.png Graphic file (type png)

<use images/chap3_model_ex.png>
Package pdftex.def Info: images/chap3_model_ex.png used on input line 107.
(pdftex.def)             Requested size: 358.50227pt x 78.73521pt.


LaTeX Warning: `h' float specifier changed to `ht'.

<images/chap3_eol.png, id=131, 382.5492pt x 55.407pt>
File: images/chap3_eol.png Graphic file (type png)

<use images/chap3_eol.png>
Package pdftex.def Info: images/chap3_eol.png used on input line 116.
(pdftex.def)             Requested size: 358.50227pt x 51.92616pt.


LaTeX Warning: `h' float specifier changed to `ht'.

<images/chap3_metadepth_constraints.png, id=132, 390.258pt x 89.6148pt>
File: images/chap3_metadepth_constraints.png Graphic file (type png)

<use images/chap3_metadepth_constraints.png>
Package pdftex.def Info: images/chap3_metadepth_constraints.png used on input l
ine 127.
(pdftex.def)             Requested size: 358.50227pt x 82.32355pt.


LaTeX Warning: `h' float specifier changed to `ht'.

[21 <./images/chap3_deep_potency.png>]
<images/chap3_ling_ext.png, id=137, 397.9668pt x 122.859pt>
File: images/chap3_ling_ext.png Graphic file (type png)

<use images/chap3_ling_ext.png>
Package pdftex.def Info: images/chap3_ling_ext.png used on input line 140.
(pdftex.def)             Requested size: 358.50227pt x 110.68265pt.


LaTeX Warning: `h' float specifier changed to `ht'.


Overfull \hbox (4.92233pt too wide) in paragraph at lines 145--148
[]\OT1/cmr/m/n/10.95 In the sce-nario above, we are in-ter-ested in as-so-ci-at
-ing an au-thor with \OT1/cmtt/m/n/10.95 ProductType
 []


Underfull \hbox (badness 10000) in paragraph at lines 145--148

 []

[22 <./images/chap3_metadepth_schemes.png>]) (./04-Android.tex
Underfull \hbox (badness 10000) in paragraph at lines 151--1

 []

[23 <./images/chap3_metadepth_mm.png> <./images/chap3_dual_class.png>] [24 <./i
mages/chap3_model_ex.png> <./images/chap3_eol.png>] [25 <./images/chap3_metadep
th_constraints.png> <./images/chap3_ling_ext.png>]
Chapter 4.
) (./05-Collaboration.tex [26

]
Chapter 5.
) (./06-Design.tex [27

]
Chapter 6.
) (./07-CaseStudy.tex [28

]
Chapter 7.
) (./08-Conclusion.tex [29

]
Chapter 8.
) [30

] [31


] (./AA-PetriNet.tex
Appendix A.
) (./thesis_example.bbl [32

]) [33

] (./thesis_example.aux)

LaTeX Font Warning: Some font shapes were not available, defaults substituted.


LaTeX Warning: There were multiply-defined labels.

 ) 
Here is how much of TeX's memory you used:
 6184 strings out of 493633
 89061 string characters out of 3143377
 196893 words of memory out of 3000000
 9264 multiletter control sequences out of 15000+200000
 14928 words of font info for 56 fonts, out of 3000000 for 9000
 831 hyphenation exceptions out of 8191
 48i,11n,58p,1773b,370s stack positions out of 5000i,500n,10000p,200000b,50000s
</usr/local/texlive/2011/texmf-dist/fonts/type1/public/amsfonts/cm/cmbx10.pfb
></usr/local/texlive/2011/texmf-dist/fonts/type1/public/amsfonts/cm/cmbx12.pfb>
</usr/local/texlive/2011/texmf-dist/fonts/type1/public/amsfonts/cm/cmcsc10.pfb>
</usr/local/texlive/2011/texmf-dist/fonts/type1/public/amsfonts/cm/cmr10.pfb></
usr/local/texlive/2011/texmf-dist/fonts/type1/public/amsfonts/cm/cmr6.pfb></usr
/local/texlive/2011/texmf-dist/fonts/type1/public/amsfonts/cm/cmr8.pfb></usr/lo
cal/texlive/2011/texmf-dist/fonts/type1/public/amsfonts/cm/cmr9.pfb></usr/local
/texlive/2011/texmf-dist/fonts/type1/public/amsfonts/cm/cmss10.pfb></usr/local/
texlive/2011/texmf-dist/fonts/type1/public/amsfonts/cm/cmss12.pfb></usr/local/t
exlive/2011/texmf-dist/fonts/type1/public/amsfonts/cm/cmss17.pfb></usr/local/te
xlive/2011/texmf-dist/fonts/type1/public/amsfonts/cm/cmssbx10.pfb></usr/local/t
exlive/2011/texmf-dist/fonts/type1/public/amsfonts/cm/cmsy10.pfb></usr/local/te
xlive/2011/texmf-dist/fonts/type1/public/amsfonts/cm/cmti10.pfb></usr/local/tex
live/2011/texmf-dist/fonts/type1/public/amsfonts/cm/cmtt10.pfb>
Output written on thesis_example.pdf (38 pages, 1387296 bytes).
PDF statistics:
 231 PDF objects out of 1000 (max. 8388607)
 130 compressed objects within 2 object streams
 0 named destinations out of 1000 (max. 500000)
 116 words of extra memory for PDF output out of 10000 (max. 10000000)

